<?xml version="1.0" encoding="UTF-8"?>
<!-- Generated by org.testng.reporters.JUnitXMLReporter -->
<testsuite ignored="0" hostname="DESKTOP-EDIOI3Q" failures="2" tests="6" name="Test" time="136.818" errors="0" timestamp="2025-03-07T14:16:49 IST">
  <testcase classname="SeleniumFramework.Test.ErrorValidationTest" name="loginErrorValidation" time="19.406">
    <skipped/>
  </testcase> <!-- loginErrorValidation -->
  <testcase classname="SeleniumFramework.Test.ErrorValidationTest" name="loginErrorValidation" time="1.516">
    <failure type="java.lang.AssertionError" message="expected:&amp;lt;Incorrect email password.&amp;gt; but was:&amp;lt;Incorrect email or password.&amp;gt;">
      <![CDATA[java.lang.AssertionError: expected:<Incorrect email password.> but was:<Incorrect email or password.>
at SeleniumFramework.Test.ErrorValidationTest.loginErrorValidation(ErrorValidationTest.java:28)
at java.base/java.util.ArrayList.forEach(ArrayList.java:1511)
at java.base/java.util.concurrent.FutureTask.run(FutureTask.java:264)
at java.base/java.util.concurrent.ThreadPoolExecutor.runWorker(ThreadPoolExecutor.java:1136)
at java.base/java.util.concurrent.ThreadPoolExecutor$Worker.run(ThreadPoolExecutor.java:635)
at java.base/java.lang.Thread.run(Thread.java:840)
... Removed 19 stack frames]]>
    </failure>
  </testcase> <!-- loginErrorValidation -->
  <testcase classname="SeleniumFramework.Test.ErrorValidationTest" name="productErrorValidation" time="12.823"/>
  <testcase classname="SeleniumFramework.Test.CutomiseEndToEndTest" name="submitOrder" time="12.95">
    <failure type="java.lang.AssertionError" message="expected [true] but found [false]">
      <![CDATA[java.lang.AssertionError: expected [true] but found [false]
at SeleniumFramework.Test.CutomiseEndToEndTest.submitOrder(CutomiseEndToEndTest.java:39)
at java.base/java.util.ArrayList.forEach(ArrayList.java:1511)
at java.base/java.util.concurrent.FutureTask.run(FutureTask.java:264)
at java.base/java.util.concurrent.ThreadPoolExecutor.runWorker(ThreadPoolExecutor.java:1136)
at java.base/java.util.concurrent.ThreadPoolExecutor$Worker.run(ThreadPoolExecutor.java:635)
at java.base/java.lang.Thread.run(Thread.java:840)
... Removed 21 stack frames]]>
    </failure>
  </testcase> <!-- submitOrder -->
  <testcase classname="SeleniumFramework.Test.CutomiseEndToEndTest" name="submitOrder" time="9.635"/>
  <testcase classname="SeleniumFramework.Test.CutomiseEndToEndTest" name="orderHistory" time="0.0">
    <skipped/>
  </testcase> <!-- orderHistory -->
</testsuite> <!-- Test -->
